[debug] [2018-06-16T09:19:34.586Z] ----------------------------------------------------------------------
[debug] [2018-06-16T09:19:34.588Z] Command:       /usr/local/Cellar/node/10.0.0/bin/node /usr/local/bin/firebase deploy --only functions
[debug] [2018-06-16T09:19:34.588Z] CLI Version:   3.18.6
[debug] [2018-06-16T09:19:34.588Z] Platform:      darwin
[debug] [2018-06-16T09:19:34.588Z] Node Version:  v10.0.0
[debug] [2018-06-16T09:19:34.589Z] Time:          Sat Jun 16 2018 11:19:34 GMT+0200 (CEST)
[debug] [2018-06-16T09:19:34.589Z] ----------------------------------------------------------------------
[debug] 
[debug] [2018-06-16T09:19:34.598Z] > command requires scopes: ["email","openid","https://www.googleapis.com/auth/cloudplatformprojects.readonly","https://www.googleapis.com/auth/firebase","https://www.googleapis.com/auth/cloud-platform"]
[debug] [2018-06-16T09:19:34.599Z] > authorizing via signed-in user
[debug] [2018-06-16T09:19:34.601Z] >>> HTTP REQUEST GET https://admin.firebase.com/v1/projects/hydralot-8025a  
  
 Sat Jun 16 2018 11:19:34 GMT+0200 (CEST)
[debug] [2018-06-16T09:19:35.356Z] <<< HTTP RESPONSE 200
[debug] [2018-06-16T09:19:35.357Z] >>> HTTP REQUEST GET https://admin.firebase.com/v1/database/hydralot-8025a/tokens  
  
 Sat Jun 16 2018 11:19:35 GMT+0200 (CEST)
[debug] [2018-06-16T09:19:36.108Z] <<< HTTP RESPONSE 200
[info] 
[info] === Deploying to 'hydralot-8025a'...
[info] 
[info] i  deploying functions
[info] Running command: npm --prefix "$RESOURCE_DIR" run lint
[info] ✔  functions: Finished running predeploy script.
[debug] [2018-06-16T09:19:39.984Z] > [functions] package.json contents: {
  "name": "functions",
  "description": "Cloud Functions for Firebase",
  "scripts": {
    "lint": "eslint .",
    "serve": "firebase serve --only functions",
    "shell": "firebase functions:shell",
    "start": "npm run shell",
    "deploy": "firebase deploy --only functions",
    "logs": "firebase functions:log"
  },
  "dependencies": {
    "firebase-admin": "~5.12.1",
    "firebase-functions": "^1.0.3"
  },
  "devDependencies": {
    "eslint": "^4.12.0",
    "eslint-plugin-promise": "^3.6.0"
  },
  "private": true
}
[info] i  functions: ensuring necessary APIs are enabled...
[debug] [2018-06-16T09:19:39.985Z] >>> HTTP REQUEST GET https://servicemanagement.googleapis.com/v1/services/cloudfunctions.googleapis.com/projectSettings/hydralot-8025a?view=CONSUMER_VIEW  
  
 Sat Jun 16 2018 11:19:39 GMT+0200 (CEST)
[debug] [2018-06-16T09:19:39.985Z] >>> HTTP REQUEST GET https://servicemanagement.googleapis.com/v1/services/runtimeconfig.googleapis.com/projectSettings/hydralot-8025a?view=CONSUMER_VIEW  
  
 Sat Jun 16 2018 11:19:39 GMT+0200 (CEST)
[debug] [2018-06-16T09:19:41.231Z] <<< HTTP RESPONSE 200
[debug] [2018-06-16T09:19:41.232Z] <<< HTTP RESPONSE 200
[warn] ⚠  functions: missing necessary APIs. Enabling now...
[debug] [2018-06-16T09:19:41.233Z] >>> HTTP REQUEST PATCH https://servicemanagement.googleapis.com/v1/services/cloudfunctions.googleapis.com/projectSettings/hydralot-8025a?updateMask=usageSettings  
 { usageSettings: { consumerEnableStatus: 'ENABLED' } } 
 Sat Jun 16 2018 11:19:41 GMT+0200 (CEST)
[debug] [2018-06-16T09:19:42.877Z] <<< HTTP RESPONSE 200
[debug] [2018-06-16T09:19:52.882Z] >>> HTTP REQUEST GET https://servicemanagement.googleapis.com/v1/services/cloudfunctions.googleapis.com/projectSettings/hydralot-8025a?view=CONSUMER_VIEW  
  
 Sat Jun 16 2018 11:19:52 GMT+0200 (CEST)
[debug] [2018-06-16T09:19:54.040Z] <<< HTTP RESPONSE 200
[info] ✔  functions: all necessary APIs are enabled
[debug] [2018-06-16T09:19:54.041Z] >>> HTTP REQUEST GET https://cloudresourcemanager.googleapis.com/v1/projects/hydralot-8025a  
  
 Sat Jun 16 2018 11:19:54 GMT+0200 (CEST)
[debug] [2018-06-16T09:19:54.950Z] <<< HTTP RESPONSE 200
[debug] [2018-06-16T09:19:54.950Z] >>> HTTP REQUEST GET https://mobilesdk-pa.googleapis.com/v1/projects/128831982105:getServerAppConfig  
  
 Sat Jun 16 2018 11:19:54 GMT+0200 (CEST)
[debug] [2018-06-16T09:19:55.468Z] <<< HTTP RESPONSE 200
[info] i  functions: preparing functions directory for uploading...
[info] i  functions: packaged functions (49.71 KB) for uploading
[debug] [2018-06-16T09:19:55.659Z] >>> HTTP REQUEST POST https://cloudfunctions.googleapis.com/v1/projects/hydralot-8025a/locations/us-central1/functions:generateUploadUrl  
  
 Sat Jun 16 2018 11:19:55 GMT+0200 (CEST)
[debug] [2018-06-16T09:20:25.977Z] <<< HTTP RESPONSE 503
[debug] [2018-06-16T09:20:25.978Z] <<< HTTP RESPONSE BODY {
  "error": {
    "code": 503,
    "message": "The service is currently unavailable.",
    "status": "UNAVAILABLE"
  }
}

[debug] [2018-06-16T09:20:25.982Z] TypeError: Cannot create property 'error' on string '{
  "error": {
    "code": 503,
    "message": "The service is currently unavailable.",
    "status": "UNAVAILABLE"
  }
}
'
    at module.exports (/usr/local/lib/node_modules/firebase-tools/lib/responseToError.js:11:16)
    at Request._callback (/usr/local/lib/node_modules/firebase-tools/lib/api.js:47:25)
    at Request.self.callback (/usr/local/lib/node_modules/firebase-tools/node_modules/request/request.js:185:22)
    at Request.emit (events.js:182:13)
    at Request.EventEmitter.emit (domain.js:442:20)
    at Request.<anonymous> (/usr/local/lib/node_modules/firebase-tools/node_modules/request/request.js:1157:10)
    at Request.emit (events.js:182:13)
    at Request.EventEmitter.emit (domain.js:442:20)
    at IncomingMessage.<anonymous> (/usr/local/lib/node_modules/firebase-tools/node_modules/request/request.js:1079:12)
    at Object.onceWrapper (events.js:275:13)
[error] 
[error] Error: An unexpected error has occurred.
[debug] [2018-06-16T09:21:44.004Z] ----------------------------------------------------------------------
[debug] [2018-06-16T09:21:44.006Z] Command:       /usr/local/Cellar/node/10.0.0/bin/node /usr/local/bin/firebase deploy --only functions
[debug] [2018-06-16T09:21:44.007Z] CLI Version:   3.18.6
[debug] [2018-06-16T09:21:44.007Z] Platform:      darwin
[debug] [2018-06-16T09:21:44.007Z] Node Version:  v10.0.0
[debug] [2018-06-16T09:21:44.008Z] Time:          Sat Jun 16 2018 11:21:44 GMT+0200 (CEST)
[debug] [2018-06-16T09:21:44.008Z] ----------------------------------------------------------------------
[debug] 
[debug] [2018-06-16T09:21:44.022Z] > command requires scopes: ["email","openid","https://www.googleapis.com/auth/cloudplatformprojects.readonly","https://www.googleapis.com/auth/firebase","https://www.googleapis.com/auth/cloud-platform"]
[debug] [2018-06-16T09:21:44.023Z] > authorizing via signed-in user
[debug] [2018-06-16T09:21:44.025Z] >>> HTTP REQUEST GET https://admin.firebase.com/v1/projects/hydralot-8025a  
  
 Sat Jun 16 2018 11:21:44 GMT+0200 (CEST)
[debug] [2018-06-16T09:21:44.684Z] <<< HTTP RESPONSE 200
[debug] [2018-06-16T09:21:44.685Z] >>> HTTP REQUEST GET https://admin.firebase.com/v1/database/hydralot-8025a/tokens  
  
 Sat Jun 16 2018 11:21:44 GMT+0200 (CEST)
[debug] [2018-06-16T09:21:45.279Z] <<< HTTP RESPONSE 200
[info] 
[info] === Deploying to 'hydralot-8025a'...
[info] 
[info] i  deploying functions
[info] Running command: npm --prefix "$RESOURCE_DIR" run lint
[info] ✔  functions: Finished running predeploy script.
[debug] [2018-06-16T09:21:49.203Z] > [functions] package.json contents: {
  "name": "functions",
  "description": "Cloud Functions for Firebase",
  "scripts": {
    "lint": "eslint .",
    "serve": "firebase serve --only functions",
    "shell": "firebase functions:shell",
    "start": "npm run shell",
    "deploy": "firebase deploy --only functions",
    "logs": "firebase functions:log"
  },
  "dependencies": {
    "firebase-admin": "~5.12.1",
    "firebase-functions": "^1.0.3"
  },
  "devDependencies": {
    "eslint": "^4.12.0",
    "eslint-plugin-promise": "^3.6.0"
  },
  "private": true
}
[info] i  functions: ensuring necessary APIs are enabled...
[debug] [2018-06-16T09:21:49.203Z] >>> HTTP REQUEST GET https://servicemanagement.googleapis.com/v1/services/cloudfunctions.googleapis.com/projectSettings/hydralot-8025a?view=CONSUMER_VIEW  
  
 Sat Jun 16 2018 11:21:49 GMT+0200 (CEST)
[debug] [2018-06-16T09:21:49.204Z] >>> HTTP REQUEST GET https://servicemanagement.googleapis.com/v1/services/runtimeconfig.googleapis.com/projectSettings/hydralot-8025a?view=CONSUMER_VIEW  
  
 Sat Jun 16 2018 11:21:49 GMT+0200 (CEST)
[debug] [2018-06-16T09:21:50.230Z] <<< HTTP RESPONSE 200
[debug] [2018-06-16T09:21:50.463Z] <<< HTTP RESPONSE 200
[info] ✔  functions: all necessary APIs are enabled
[debug] [2018-06-16T09:21:50.463Z] >>> HTTP REQUEST GET https://cloudresourcemanager.googleapis.com/v1/projects/hydralot-8025a  
  
 Sat Jun 16 2018 11:21:50 GMT+0200 (CEST)
[debug] [2018-06-16T09:21:51.192Z] <<< HTTP RESPONSE 200
[debug] [2018-06-16T09:21:51.193Z] >>> HTTP REQUEST GET https://mobilesdk-pa.googleapis.com/v1/projects/128831982105:getServerAppConfig  
  
 Sat Jun 16 2018 11:21:51 GMT+0200 (CEST)
[debug] [2018-06-16T09:21:51.625Z] <<< HTTP RESPONSE 200
[info] i  functions: preparing functions directory for uploading...
[info] i  functions: packaged functions (49.71 KB) for uploading
[debug] [2018-06-16T09:21:51.809Z] >>> HTTP REQUEST POST https://cloudfunctions.googleapis.com/v1/projects/hydralot-8025a/locations/us-central1/functions:generateUploadUrl  
  
 Sat Jun 16 2018 11:21:51 GMT+0200 (CEST)
[debug] [2018-06-16T09:21:52.094Z] <<< HTTP RESPONSE 200
[debug] [2018-06-16T09:21:52.095Z] >>> HTTP REQUEST PUT https://storage.googleapis.com/gcf-upload-us-central1-a719584b-c5c8-4265-9da2-1097a2373634/a45d7409-ee4f-40f8-90cd-fd4e1eaaac74.zip?GoogleAccessId=service-128831982105@gcf-admin-robot.iam.gserviceaccount.com&Expires=1529142712&Signature=kYEmDuHSwMaC%2BWl%2FQOQE8nQxXSb1rcaW9eXzIFbwmwV6mWPfOAH0LrRoW0OyjrendFKb3wgbLTUZl9OM81NIm4QLtJoJA0ITgp7yJ34DC8wJuQx7vYO0NK4u0KDpchWemPP0ZguaDbR1Y8V%2FcWsgBXegOtuOIKTcEQ4stjV1lAmV0Uwqpm5gDIxog3jsIdHpTJaY25Rab69uFNPASSUhzOgCW072Zwqmmqb7Lkv3%2F%2BAuf2wwfAY%2BV2eedd4T7yuwHuOfN2R6cKqb8mriAdtuA48zCTqm5rYq9430hVGTg%2FIFWA0UYn6eomZRKa6wdzyBPrQR1HQfgrectf1QtMszLQ%3D%3D  
 ReadStream {
  _readableState: 
   ReadableState {
     objectMode: false,
     highWaterMark: 65536,
     buffer: BufferList { length: 1 },
     length: 50906,
     pipes: null,
     pipesCount: 0,
     flowing: null,
     ended: true,
     endEmitted: false,
     reading: false,
     errorEmitted: false,
     sync: false,
     needReadable: false,
     emittedReadable: true,
     readableListening: false,
     resumeScheduled: false,
     emitClose: false,
     destroyed: false,
     defaultEncoding: 'utf8',
     awaitDrain: 0,
     readingMore: false,
     decoder: null,
     encoding: null },
  readable: true,
  domain: null,
  _events: { end: [Function] },
  _eventsCount: 1,
  _maxListeners: undefined,
  path: '/var/folders/h9/_c916nqs3mzc2q5nv3lv_h6m0000gn/T/firebase-functions-11341WqmCi7gnpL9Q.zip',
  fd: 19,
  flags: 'r',
  mode: 438,
  start: undefined,
  end: Infinity,
  autoClose: true,
  pos: undefined,
  bytesRead: 50906,
  closed: false } 
 Sat Jun 16 2018 11:21:52 GMT+0200 (CEST)
[debug] [2018-06-16T09:21:52.724Z] <<< HTTP RESPONSE 200
[info] ✔  functions: functions folder uploaded successfully
[debug] [2018-06-16T09:21:52.726Z] >>> HTTP REQUEST GET https://cloudfunctions.googleapis.com/v1/projects/hydralot-8025a/locations/us-central1/functions  
  
 Sat Jun 16 2018 11:21:52 GMT+0200 (CEST)
[debug] [2018-06-16T09:21:53.034Z] <<< HTTP RESPONSE 200
[info] i  functions: creating function currentPrice...
[debug] [2018-06-16T09:21:53.036Z] Trigger is:  {"httpsTrigger":{}}
[info] i  functions: creating function activity...
[debug] [2018-06-16T09:21:53.036Z] Trigger is:  {"httpsTrigger":{}}
[info] i  functions: creating function warningLog...
[debug] [2018-06-16T09:21:53.036Z] Trigger is:  {"httpsTrigger":{}}
[debug] [2018-06-16T09:21:53.037Z] >>> HTTP REQUEST POST https://cloudfunctions.googleapis.com/v1/projects/hydralot-8025a/locations/us-central1/functions  
 { sourceUploadUrl: 'https://storage.googleapis.com/gcf-upload-us-central1-a719584b-c5c8-4265-9da2-1097a2373634/a45d7409-ee4f-40f8-90cd-fd4e1eaaac74.zip?GoogleAccessId=service-128831982105@gcf-admin-robot.iam.gserviceaccount.com&Expires=1529142712&Signature=kYEmDuHSwMaC%2BWl%2FQOQE8nQxXSb1rcaW9eXzIFbwmwV6mWPfOAH0LrRoW0OyjrendFKb3wgbLTUZl9OM81NIm4QLtJoJA0ITgp7yJ34DC8wJuQx7vYO0NK4u0KDpchWemPP0ZguaDbR1Y8V%2FcWsgBXegOtuOIKTcEQ4stjV1lAmV0Uwqpm5gDIxog3jsIdHpTJaY25Rab69uFNPASSUhzOgCW072Zwqmmqb7Lkv3%2F%2BAuf2wwfAY%2BV2eedd4T7yuwHuOfN2R6cKqb8mriAdtuA48zCTqm5rYq9430hVGTg%2FIFWA0UYn6eomZRKa6wdzyBPrQR1HQfgrectf1QtMszLQ%3D%3D',
  name: 'projects/hydralot-8025a/locations/us-central1/functions/currentPrice',
  entryPoint: 'currentPrice',
  labels: { 'deployment-tool': 'cli-firebase' },
  httpsTrigger: {} } 
 Sat Jun 16 2018 11:21:53 GMT+0200 (CEST)
[debug] [2018-06-16T09:21:53.038Z] >>> HTTP REQUEST POST https://cloudfunctions.googleapis.com/v1/projects/hydralot-8025a/locations/us-central1/functions  
 { sourceUploadUrl: 'https://storage.googleapis.com/gcf-upload-us-central1-a719584b-c5c8-4265-9da2-1097a2373634/a45d7409-ee4f-40f8-90cd-fd4e1eaaac74.zip?GoogleAccessId=service-128831982105@gcf-admin-robot.iam.gserviceaccount.com&Expires=1529142712&Signature=kYEmDuHSwMaC%2BWl%2FQOQE8nQxXSb1rcaW9eXzIFbwmwV6mWPfOAH0LrRoW0OyjrendFKb3wgbLTUZl9OM81NIm4QLtJoJA0ITgp7yJ34DC8wJuQx7vYO0NK4u0KDpchWemPP0ZguaDbR1Y8V%2FcWsgBXegOtuOIKTcEQ4stjV1lAmV0Uwqpm5gDIxog3jsIdHpTJaY25Rab69uFNPASSUhzOgCW072Zwqmmqb7Lkv3%2F%2BAuf2wwfAY%2BV2eedd4T7yuwHuOfN2R6cKqb8mriAdtuA48zCTqm5rYq9430hVGTg%2FIFWA0UYn6eomZRKa6wdzyBPrQR1HQfgrectf1QtMszLQ%3D%3D',
  name: 'projects/hydralot-8025a/locations/us-central1/functions/activity',
  entryPoint: 'activity',
  labels: { 'deployment-tool': 'cli-firebase' },
  httpsTrigger: {} } 
 Sat Jun 16 2018 11:21:53 GMT+0200 (CEST)
[debug] [2018-06-16T09:21:53.038Z] >>> HTTP REQUEST POST https://cloudfunctions.googleapis.com/v1/projects/hydralot-8025a/locations/us-central1/functions  
 { sourceUploadUrl: 'https://storage.googleapis.com/gcf-upload-us-central1-a719584b-c5c8-4265-9da2-1097a2373634/a45d7409-ee4f-40f8-90cd-fd4e1eaaac74.zip?GoogleAccessId=service-128831982105@gcf-admin-robot.iam.gserviceaccount.com&Expires=1529142712&Signature=kYEmDuHSwMaC%2BWl%2FQOQE8nQxXSb1rcaW9eXzIFbwmwV6mWPfOAH0LrRoW0OyjrendFKb3wgbLTUZl9OM81NIm4QLtJoJA0ITgp7yJ34DC8wJuQx7vYO0NK4u0KDpchWemPP0ZguaDbR1Y8V%2FcWsgBXegOtuOIKTcEQ4stjV1lAmV0Uwqpm5gDIxog3jsIdHpTJaY25Rab69uFNPASSUhzOgCW072Zwqmmqb7Lkv3%2F%2BAuf2wwfAY%2BV2eedd4T7yuwHuOfN2R6cKqb8mriAdtuA48zCTqm5rYq9430hVGTg%2FIFWA0UYn6eomZRKa6wdzyBPrQR1HQfgrectf1QtMszLQ%3D%3D',
  name: 'projects/hydralot-8025a/locations/us-central1/functions/warningLog',
  entryPoint: 'warningLog',
  labels: { 'deployment-tool': 'cli-firebase' },
  httpsTrigger: {} } 
 Sat Jun 16 2018 11:21:53 GMT+0200 (CEST)
[debug] [2018-06-16T09:21:53.533Z] <<< HTTP RESPONSE 200
[debug] [2018-06-16T09:21:53.533Z] <<< HTTP RESPONSE 200
[debug] [2018-06-16T09:21:53.534Z] <<< HTTP RESPONSE 200
[debug] [2018-06-16T09:21:53.536Z] >>> HTTP REQUEST GET https://cloudfunctions.googleapis.com/v1/projects/hydralot-8025a/locations/us-central1/functions  
  
 Sat Jun 16 2018 11:21:53 GMT+0200 (CEST)
[debug] [2018-06-16T09:21:53.785Z] <<< HTTP RESPONSE 200
[debug] [2018-06-16T09:21:53.786Z] >>> HTTP REQUEST GET https://cloudfunctions.googleapis.com/v1/operations/aHlkcmFsb3QtODAyNWEvdXMtY2VudHJhbDEvY3VycmVudFByaWNlL3lfeVBOaVB1clVj  
  
 Sat Jun 16 2018 11:21:53 GMT+0200 (CEST)
[debug] [2018-06-16T09:21:53.787Z] >>> HTTP REQUEST GET https://cloudfunctions.googleapis.com/v1/operations/aHlkcmFsb3QtODAyNWEvdXMtY2VudHJhbDEvYWN0aXZpdHkvRVJfbllnNFNzVzA  
  
 Sat Jun 16 2018 11:21:53 GMT+0200 (CEST)
[debug] [2018-06-16T09:21:53.787Z] >>> HTTP REQUEST GET https://cloudfunctions.googleapis.com/v1/operations/aHlkcmFsb3QtODAyNWEvdXMtY2VudHJhbDEvd2FybmluZ0xvZy9SNU5MUllGd3JqQQ  
  
 Sat Jun 16 2018 11:21:53 GMT+0200 (CEST)
[debug] [2018-06-16T09:21:54.059Z] <<< HTTP RESPONSE 200
[debug] [2018-06-16T09:21:54.061Z] <<< HTTP RESPONSE 200
[debug] [2018-06-16T09:21:54.062Z] <<< HTTP RESPONSE 200
[debug] [2018-06-16T09:21:56.064Z] >>> HTTP REQUEST GET https://cloudfunctions.googleapis.com/v1/operations/aHlkcmFsb3QtODAyNWEvdXMtY2VudHJhbDEvY3VycmVudFByaWNlL3lfeVBOaVB1clVj  
  
 Sat Jun 16 2018 11:21:56 GMT+0200 (CEST)
[debug] [2018-06-16T09:21:56.064Z] >>> HTTP REQUEST GET https://cloudfunctions.googleapis.com/v1/operations/aHlkcmFsb3QtODAyNWEvdXMtY2VudHJhbDEvd2FybmluZ0xvZy9SNU5MUllGd3JqQQ  
  
 Sat Jun 16 2018 11:21:56 GMT+0200 (CEST)
[debug] [2018-06-16T09:21:56.064Z] >>> HTTP REQUEST GET https://cloudfunctions.googleapis.com/v1/operations/aHlkcmFsb3QtODAyNWEvdXMtY2VudHJhbDEvYWN0aXZpdHkvRVJfbllnNFNzVzA  
  
 Sat Jun 16 2018 11:21:56 GMT+0200 (CEST)
[debug] [2018-06-16T09:21:56.290Z] <<< HTTP RESPONSE 200
[debug] [2018-06-16T09:21:56.292Z] <<< HTTP RESPONSE 200
[debug] [2018-06-16T09:21:56.299Z] <<< HTTP RESPONSE 200
[debug] [2018-06-16T09:21:58.294Z] >>> HTTP REQUEST GET https://cloudfunctions.googleapis.com/v1/operations/aHlkcmFsb3QtODAyNWEvdXMtY2VudHJhbDEvd2FybmluZ0xvZy9SNU5MUllGd3JqQQ  
  
 Sat Jun 16 2018 11:21:58 GMT+0200 (CEST)
[debug] [2018-06-16T09:21:58.295Z] >>> HTTP REQUEST GET https://cloudfunctions.googleapis.com/v1/operations/aHlkcmFsb3QtODAyNWEvdXMtY2VudHJhbDEvY3VycmVudFByaWNlL3lfeVBOaVB1clVj  
  
 Sat Jun 16 2018 11:21:58 GMT+0200 (CEST)
[debug] [2018-06-16T09:21:58.300Z] >>> HTTP REQUEST GET https://cloudfunctions.googleapis.com/v1/operations/aHlkcmFsb3QtODAyNWEvdXMtY2VudHJhbDEvYWN0aXZpdHkvRVJfbllnNFNzVzA  
  
 Sat Jun 16 2018 11:21:58 GMT+0200 (CEST)
[debug] [2018-06-16T09:21:58.563Z] <<< HTTP RESPONSE 200
[debug] [2018-06-16T09:21:58.563Z] <<< HTTP RESPONSE 200
[debug] [2018-06-16T09:21:58.567Z] <<< HTTP RESPONSE 200
[debug] [2018-06-16T09:22:00.566Z] >>> HTTP REQUEST GET https://cloudfunctions.googleapis.com/v1/operations/aHlkcmFsb3QtODAyNWEvdXMtY2VudHJhbDEvY3VycmVudFByaWNlL3lfeVBOaVB1clVj  
  
 Sat Jun 16 2018 11:22:00 GMT+0200 (CEST)
[debug] [2018-06-16T09:22:00.566Z] >>> HTTP REQUEST GET https://cloudfunctions.googleapis.com/v1/operations/aHlkcmFsb3QtODAyNWEvdXMtY2VudHJhbDEvYWN0aXZpdHkvRVJfbllnNFNzVzA  
  
 Sat Jun 16 2018 11:22:00 GMT+0200 (CEST)
[debug] [2018-06-16T09:22:00.570Z] >>> HTTP REQUEST GET https://cloudfunctions.googleapis.com/v1/operations/aHlkcmFsb3QtODAyNWEvdXMtY2VudHJhbDEvd2FybmluZ0xvZy9SNU5MUllGd3JqQQ  
  
 Sat Jun 16 2018 11:22:00 GMT+0200 (CEST)
[debug] [2018-06-16T09:22:00.838Z] <<< HTTP RESPONSE 200
[debug] [2018-06-16T09:22:00.838Z] <<< HTTP RESPONSE 200
[debug] [2018-06-16T09:22:00.841Z] <<< HTTP RESPONSE 200
[debug] [2018-06-16T09:22:02.842Z] >>> HTTP REQUEST GET https://cloudfunctions.googleapis.com/v1/operations/aHlkcmFsb3QtODAyNWEvdXMtY2VudHJhbDEvd2FybmluZ0xvZy9SNU5MUllGd3JqQQ  
  
 Sat Jun 16 2018 11:22:02 GMT+0200 (CEST)
[debug] [2018-06-16T09:22:02.843Z] >>> HTTP REQUEST GET https://cloudfunctions.googleapis.com/v1/operations/aHlkcmFsb3QtODAyNWEvdXMtY2VudHJhbDEvY3VycmVudFByaWNlL3lfeVBOaVB1clVj  
  
 Sat Jun 16 2018 11:22:02 GMT+0200 (CEST)
[debug] [2018-06-16T09:22:02.843Z] >>> HTTP REQUEST GET https://cloudfunctions.googleapis.com/v1/operations/aHlkcmFsb3QtODAyNWEvdXMtY2VudHJhbDEvYWN0aXZpdHkvRVJfbllnNFNzVzA  
  
 Sat Jun 16 2018 11:22:02 GMT+0200 (CEST)
[debug] [2018-06-16T09:22:03.078Z] <<< HTTP RESPONSE 200
[debug] [2018-06-16T09:22:03.110Z] <<< HTTP RESPONSE 200
[debug] [2018-06-16T09:22:03.124Z] <<< HTTP RESPONSE 200
[debug] [2018-06-16T09:22:05.083Z] >>> HTTP REQUEST GET https://cloudfunctions.googleapis.com/v1/operations/aHlkcmFsb3QtODAyNWEvdXMtY2VudHJhbDEvY3VycmVudFByaWNlL3lfeVBOaVB1clVj  
  
 Sat Jun 16 2018 11:22:05 GMT+0200 (CEST)
[debug] [2018-06-16T09:22:05.110Z] >>> HTTP REQUEST GET https://cloudfunctions.googleapis.com/v1/operations/aHlkcmFsb3QtODAyNWEvdXMtY2VudHJhbDEvYWN0aXZpdHkvRVJfbllnNFNzVzA  
  
 Sat Jun 16 2018 11:22:05 GMT+0200 (CEST)
[debug] [2018-06-16T09:22:05.125Z] >>> HTTP REQUEST GET https://cloudfunctions.googleapis.com/v1/operations/aHlkcmFsb3QtODAyNWEvdXMtY2VudHJhbDEvd2FybmluZ0xvZy9SNU5MUllGd3JqQQ  
  
 Sat Jun 16 2018 11:22:05 GMT+0200 (CEST)
[debug] [2018-06-16T09:22:05.321Z] <<< HTTP RESPONSE 200
[debug] [2018-06-16T09:22:05.345Z] <<< HTTP RESPONSE 200
[debug] [2018-06-16T09:22:05.397Z] <<< HTTP RESPONSE 200
[debug] [2018-06-16T09:22:07.324Z] >>> HTTP REQUEST GET https://cloudfunctions.googleapis.com/v1/operations/aHlkcmFsb3QtODAyNWEvdXMtY2VudHJhbDEvYWN0aXZpdHkvRVJfbllnNFNzVzA  
  
 Sat Jun 16 2018 11:22:07 GMT+0200 (CEST)
[debug] [2018-06-16T09:22:07.346Z] >>> HTTP REQUEST GET https://cloudfunctions.googleapis.com/v1/operations/aHlkcmFsb3QtODAyNWEvdXMtY2VudHJhbDEvY3VycmVudFByaWNlL3lfeVBOaVB1clVj  
  
 Sat Jun 16 2018 11:22:07 GMT+0200 (CEST)
[debug] [2018-06-16T09:22:07.399Z] >>> HTTP REQUEST GET https://cloudfunctions.googleapis.com/v1/operations/aHlkcmFsb3QtODAyNWEvdXMtY2VudHJhbDEvd2FybmluZ0xvZy9SNU5MUllGd3JqQQ  
  
 Sat Jun 16 2018 11:22:07 GMT+0200 (CEST)
[debug] [2018-06-16T09:22:07.540Z] <<< HTTP RESPONSE 200
[debug] [2018-06-16T09:22:07.607Z] <<< HTTP RESPONSE 200
[debug] [2018-06-16T09:22:07.615Z] <<< HTTP RESPONSE 200
[debug] [2018-06-16T09:22:09.544Z] >>> HTTP REQUEST GET https://cloudfunctions.googleapis.com/v1/operations/aHlkcmFsb3QtODAyNWEvdXMtY2VudHJhbDEvYWN0aXZpdHkvRVJfbllnNFNzVzA  
  
 Sat Jun 16 2018 11:22:09 GMT+0200 (CEST)
[debug] [2018-06-16T09:22:09.610Z] >>> HTTP REQUEST GET https://cloudfunctions.googleapis.com/v1/operations/aHlkcmFsb3QtODAyNWEvdXMtY2VudHJhbDEvd2FybmluZ0xvZy9SNU5MUllGd3JqQQ  
  
 Sat Jun 16 2018 11:22:09 GMT+0200 (CEST)
[debug] [2018-06-16T09:22:09.615Z] >>> HTTP REQUEST GET https://cloudfunctions.googleapis.com/v1/operations/aHlkcmFsb3QtODAyNWEvdXMtY2VudHJhbDEvY3VycmVudFByaWNlL3lfeVBOaVB1clVj  
  
 Sat Jun 16 2018 11:22:09 GMT+0200 (CEST)
[debug] [2018-06-16T09:22:09.795Z] <<< HTTP RESPONSE 200
[debug] [2018-06-16T09:22:09.822Z] <<< HTTP RESPONSE 200
[debug] [2018-06-16T09:22:09.876Z] <<< HTTP RESPONSE 200
[debug] [2018-06-16T09:22:11.801Z] >>> HTTP REQUEST GET https://cloudfunctions.googleapis.com/v1/operations/aHlkcmFsb3QtODAyNWEvdXMtY2VudHJhbDEvYWN0aXZpdHkvRVJfbllnNFNzVzA  
  
 Sat Jun 16 2018 11:22:11 GMT+0200 (CEST)
[debug] [2018-06-16T09:22:11.824Z] >>> HTTP REQUEST GET https://cloudfunctions.googleapis.com/v1/operations/aHlkcmFsb3QtODAyNWEvdXMtY2VudHJhbDEvd2FybmluZ0xvZy9SNU5MUllGd3JqQQ  
  
 Sat Jun 16 2018 11:22:11 GMT+0200 (CEST)
[debug] [2018-06-16T09:22:11.882Z] >>> HTTP REQUEST GET https://cloudfunctions.googleapis.com/v1/operations/aHlkcmFsb3QtODAyNWEvdXMtY2VudHJhbDEvY3VycmVudFByaWNlL3lfeVBOaVB1clVj  
  
 Sat Jun 16 2018 11:22:11 GMT+0200 (CEST)
[debug] [2018-06-16T09:22:12.035Z] <<< HTTP RESPONSE 200
[debug] [2018-06-16T09:22:12.057Z] <<< HTTP RESPONSE 200
[debug] [2018-06-16T09:22:12.142Z] <<< HTTP RESPONSE 200
[debug] [2018-06-16T09:22:14.040Z] >>> HTTP REQUEST GET https://cloudfunctions.googleapis.com/v1/operations/aHlkcmFsb3QtODAyNWEvdXMtY2VudHJhbDEvd2FybmluZ0xvZy9SNU5MUllGd3JqQQ  
  
 Sat Jun 16 2018 11:22:14 GMT+0200 (CEST)
[debug] [2018-06-16T09:22:14.057Z] >>> HTTP REQUEST GET https://cloudfunctions.googleapis.com/v1/operations/aHlkcmFsb3QtODAyNWEvdXMtY2VudHJhbDEvYWN0aXZpdHkvRVJfbllnNFNzVzA  
  
 Sat Jun 16 2018 11:22:14 GMT+0200 (CEST)
[debug] [2018-06-16T09:22:14.146Z] >>> HTTP REQUEST GET https://cloudfunctions.googleapis.com/v1/operations/aHlkcmFsb3QtODAyNWEvdXMtY2VudHJhbDEvY3VycmVudFByaWNlL3lfeVBOaVB1clVj  
  
 Sat Jun 16 2018 11:22:14 GMT+0200 (CEST)
[debug] [2018-06-16T09:22:14.297Z] <<< HTTP RESPONSE 200
[debug] [2018-06-16T09:22:14.306Z] <<< HTTP RESPONSE 200
[debug] [2018-06-16T09:22:14.416Z] <<< HTTP RESPONSE 200
[debug] [2018-06-16T09:22:16.300Z] >>> HTTP REQUEST GET https://cloudfunctions.googleapis.com/v1/operations/aHlkcmFsb3QtODAyNWEvdXMtY2VudHJhbDEvd2FybmluZ0xvZy9SNU5MUllGd3JqQQ  
  
 Sat Jun 16 2018 11:22:16 GMT+0200 (CEST)
[debug] [2018-06-16T09:22:16.307Z] >>> HTTP REQUEST GET https://cloudfunctions.googleapis.com/v1/operations/aHlkcmFsb3QtODAyNWEvdXMtY2VudHJhbDEvYWN0aXZpdHkvRVJfbllnNFNzVzA  
  
 Sat Jun 16 2018 11:22:16 GMT+0200 (CEST)
[debug] [2018-06-16T09:22:16.418Z] >>> HTTP REQUEST GET https://cloudfunctions.googleapis.com/v1/operations/aHlkcmFsb3QtODAyNWEvdXMtY2VudHJhbDEvY3VycmVudFByaWNlL3lfeVBOaVB1clVj  
  
 Sat Jun 16 2018 11:22:16 GMT+0200 (CEST)
[debug] [2018-06-16T09:22:16.558Z] <<< HTTP RESPONSE 200
[debug] [2018-06-16T09:22:16.564Z] <<< HTTP RESPONSE 200
[debug] [2018-06-16T09:22:16.630Z] <<< HTTP RESPONSE 200
[debug] [2018-06-16T09:22:18.560Z] >>> HTTP REQUEST GET https://cloudfunctions.googleapis.com/v1/operations/aHlkcmFsb3QtODAyNWEvdXMtY2VudHJhbDEvd2FybmluZ0xvZy9SNU5MUllGd3JqQQ  
  
 Sat Jun 16 2018 11:22:18 GMT+0200 (CEST)
[debug] [2018-06-16T09:22:18.565Z] >>> HTTP REQUEST GET https://cloudfunctions.googleapis.com/v1/operations/aHlkcmFsb3QtODAyNWEvdXMtY2VudHJhbDEvYWN0aXZpdHkvRVJfbllnNFNzVzA  
  
 Sat Jun 16 2018 11:22:18 GMT+0200 (CEST)
[debug] [2018-06-16T09:22:18.634Z] >>> HTTP REQUEST GET https://cloudfunctions.googleapis.com/v1/operations/aHlkcmFsb3QtODAyNWEvdXMtY2VudHJhbDEvY3VycmVudFByaWNlL3lfeVBOaVB1clVj  
  
 Sat Jun 16 2018 11:22:18 GMT+0200 (CEST)
[debug] [2018-06-16T09:22:18.767Z] <<< HTTP RESPONSE 200
[debug] [2018-06-16T09:22:18.830Z] <<< HTTP RESPONSE 200
[debug] [2018-06-16T09:22:18.908Z] <<< HTTP RESPONSE 200
[debug] [2018-06-16T09:22:20.768Z] >>> HTTP REQUEST GET https://cloudfunctions.googleapis.com/v1/operations/aHlkcmFsb3QtODAyNWEvdXMtY2VudHJhbDEvYWN0aXZpdHkvRVJfbllnNFNzVzA  
  
 Sat Jun 16 2018 11:22:20 GMT+0200 (CEST)
[debug] [2018-06-16T09:22:20.835Z] >>> HTTP REQUEST GET https://cloudfunctions.googleapis.com/v1/operations/aHlkcmFsb3QtODAyNWEvdXMtY2VudHJhbDEvd2FybmluZ0xvZy9SNU5MUllGd3JqQQ  
  
 Sat Jun 16 2018 11:22:20 GMT+0200 (CEST)
[debug] [2018-06-16T09:22:20.910Z] >>> HTTP REQUEST GET https://cloudfunctions.googleapis.com/v1/operations/aHlkcmFsb3QtODAyNWEvdXMtY2VudHJhbDEvY3VycmVudFByaWNlL3lfeVBOaVB1clVj  
  
 Sat Jun 16 2018 11:22:20 GMT+0200 (CEST)
[debug] [2018-06-16T09:22:21.038Z] <<< HTTP RESPONSE 200
[debug] [2018-06-16T09:22:21.040Z] <<< HTTP RESPONSE 200
[debug] [2018-06-16T09:22:21.164Z] <<< HTTP RESPONSE 200
[debug] [2018-06-16T09:22:23.041Z] >>> HTTP REQUEST GET https://cloudfunctions.googleapis.com/v1/operations/aHlkcmFsb3QtODAyNWEvdXMtY2VudHJhbDEvYWN0aXZpdHkvRVJfbllnNFNzVzA  
  
 Sat Jun 16 2018 11:22:23 GMT+0200 (CEST)
[debug] [2018-06-16T09:22:23.041Z] >>> HTTP REQUEST GET https://cloudfunctions.googleapis.com/v1/operations/aHlkcmFsb3QtODAyNWEvdXMtY2VudHJhbDEvd2FybmluZ0xvZy9SNU5MUllGd3JqQQ  
  
 Sat Jun 16 2018 11:22:23 GMT+0200 (CEST)
[debug] [2018-06-16T09:22:23.170Z] >>> HTTP REQUEST GET https://cloudfunctions.googleapis.com/v1/operations/aHlkcmFsb3QtODAyNWEvdXMtY2VudHJhbDEvY3VycmVudFByaWNlL3lfeVBOaVB1clVj  
  
 Sat Jun 16 2018 11:22:23 GMT+0200 (CEST)
[debug] [2018-06-16T09:22:23.257Z] <<< HTTP RESPONSE 200
[debug] [2018-06-16T09:22:23.299Z] <<< HTTP RESPONSE 200
[debug] [2018-06-16T09:22:23.429Z] <<< HTTP RESPONSE 200
[debug] [2018-06-16T09:22:25.261Z] >>> HTTP REQUEST GET https://cloudfunctions.googleapis.com/v1/operations/aHlkcmFsb3QtODAyNWEvdXMtY2VudHJhbDEvYWN0aXZpdHkvRVJfbllnNFNzVzA  
  
 Sat Jun 16 2018 11:22:25 GMT+0200 (CEST)
[debug] [2018-06-16T09:22:25.302Z] >>> HTTP REQUEST GET https://cloudfunctions.googleapis.com/v1/operations/aHlkcmFsb3QtODAyNWEvdXMtY2VudHJhbDEvd2FybmluZ0xvZy9SNU5MUllGd3JqQQ  
  
 Sat Jun 16 2018 11:22:25 GMT+0200 (CEST)
[debug] [2018-06-16T09:22:25.432Z] >>> HTTP REQUEST GET https://cloudfunctions.googleapis.com/v1/operations/aHlkcmFsb3QtODAyNWEvdXMtY2VudHJhbDEvY3VycmVudFByaWNlL3lfeVBOaVB1clVj  
  
 Sat Jun 16 2018 11:22:25 GMT+0200 (CEST)
[debug] [2018-06-16T09:22:25.546Z] <<< HTTP RESPONSE 200
[debug] [2018-06-16T09:22:25.579Z] <<< HTTP RESPONSE 200
[debug] [2018-06-16T09:22:25.647Z] <<< HTTP RESPONSE 200
[debug] [2018-06-16T09:22:27.551Z] >>> HTTP REQUEST GET https://cloudfunctions.googleapis.com/v1/operations/aHlkcmFsb3QtODAyNWEvdXMtY2VudHJhbDEvYWN0aXZpdHkvRVJfbllnNFNzVzA  
  
 Sat Jun 16 2018 11:22:27 GMT+0200 (CEST)
[debug] [2018-06-16T09:22:27.579Z] >>> HTTP REQUEST GET https://cloudfunctions.googleapis.com/v1/operations/aHlkcmFsb3QtODAyNWEvdXMtY2VudHJhbDEvd2FybmluZ0xvZy9SNU5MUllGd3JqQQ  
  
 Sat Jun 16 2018 11:22:27 GMT+0200 (CEST)
[debug] [2018-06-16T09:22:27.652Z] >>> HTTP REQUEST GET https://cloudfunctions.googleapis.com/v1/operations/aHlkcmFsb3QtODAyNWEvdXMtY2VudHJhbDEvY3VycmVudFByaWNlL3lfeVBOaVB1clVj  
  
 Sat Jun 16 2018 11:22:27 GMT+0200 (CEST)
[debug] [2018-06-16T09:22:27.779Z] <<< HTTP RESPONSE 200
[debug] [2018-06-16T09:22:27.841Z] <<< HTTP RESPONSE 200
[debug] [2018-06-16T09:22:27.952Z] <<< HTTP RESPONSE 200
[debug] [2018-06-16T09:22:29.779Z] >>> HTTP REQUEST GET https://cloudfunctions.googleapis.com/v1/operations/aHlkcmFsb3QtODAyNWEvdXMtY2VudHJhbDEvYWN0aXZpdHkvRVJfbllnNFNzVzA  
  
 Sat Jun 16 2018 11:22:29 GMT+0200 (CEST)
[debug] [2018-06-16T09:22:29.845Z] >>> HTTP REQUEST GET https://cloudfunctions.googleapis.com/v1/operations/aHlkcmFsb3QtODAyNWEvdXMtY2VudHJhbDEvd2FybmluZ0xvZy9SNU5MUllGd3JqQQ  
  
 Sat Jun 16 2018 11:22:29 GMT+0200 (CEST)
[debug] [2018-06-16T09:22:29.955Z] >>> HTTP REQUEST GET https://cloudfunctions.googleapis.com/v1/operations/aHlkcmFsb3QtODAyNWEvdXMtY2VudHJhbDEvY3VycmVudFByaWNlL3lfeVBOaVB1clVj  
  
 Sat Jun 16 2018 11:22:29 GMT+0200 (CEST)
[debug] [2018-06-16T09:22:30.042Z] <<< HTTP RESPONSE 200
[debug] [2018-06-16T09:22:30.112Z] <<< HTTP RESPONSE 200
[debug] [2018-06-16T09:22:30.233Z] <<< HTTP RESPONSE 200
[debug] [2018-06-16T09:22:32.047Z] >>> HTTP REQUEST GET https://cloudfunctions.googleapis.com/v1/operations/aHlkcmFsb3QtODAyNWEvdXMtY2VudHJhbDEvYWN0aXZpdHkvRVJfbllnNFNzVzA  
  
 Sat Jun 16 2018 11:22:32 GMT+0200 (CEST)
[debug] [2018-06-16T09:22:32.113Z] >>> HTTP REQUEST GET https://cloudfunctions.googleapis.com/v1/operations/aHlkcmFsb3QtODAyNWEvdXMtY2VudHJhbDEvd2FybmluZ0xvZy9SNU5MUllGd3JqQQ  
  
 Sat Jun 16 2018 11:22:32 GMT+0200 (CEST)
[debug] [2018-06-16T09:22:32.238Z] >>> HTTP REQUEST GET https://cloudfunctions.googleapis.com/v1/operations/aHlkcmFsb3QtODAyNWEvdXMtY2VudHJhbDEvY3VycmVudFByaWNlL3lfeVBOaVB1clVj  
  
 Sat Jun 16 2018 11:22:32 GMT+0200 (CEST)
[debug] [2018-06-16T09:22:32.294Z] <<< HTTP RESPONSE 200
[debug] [2018-06-16T09:22:32.356Z] <<< HTTP RESPONSE 200
[debug] [2018-06-16T09:22:32.502Z] <<< HTTP RESPONSE 200
[debug] [2018-06-16T09:22:34.298Z] >>> HTTP REQUEST GET https://cloudfunctions.googleapis.com/v1/operations/aHlkcmFsb3QtODAyNWEvdXMtY2VudHJhbDEvYWN0aXZpdHkvRVJfbllnNFNzVzA  
  
 Sat Jun 16 2018 11:22:34 GMT+0200 (CEST)
[debug] [2018-06-16T09:22:34.357Z] >>> HTTP REQUEST GET https://cloudfunctions.googleapis.com/v1/operations/aHlkcmFsb3QtODAyNWEvdXMtY2VudHJhbDEvd2FybmluZ0xvZy9SNU5MUllGd3JqQQ  
  
 Sat Jun 16 2018 11:22:34 GMT+0200 (CEST)
[debug] [2018-06-16T09:22:34.506Z] >>> HTTP REQUEST GET https://cloudfunctions.googleapis.com/v1/operations/aHlkcmFsb3QtODAyNWEvdXMtY2VudHJhbDEvY3VycmVudFByaWNlL3lfeVBOaVB1clVj  
  
 Sat Jun 16 2018 11:22:34 GMT+0200 (CEST)
[debug] [2018-06-16T09:22:34.562Z] <<< HTTP RESPONSE 200
[debug] [2018-06-16T09:22:34.624Z] <<< HTTP RESPONSE 200
[debug] [2018-06-16T09:22:34.769Z] <<< HTTP RESPONSE 200
[debug] [2018-06-16T09:22:36.563Z] >>> HTTP REQUEST GET https://cloudfunctions.googleapis.com/v1/operations/aHlkcmFsb3QtODAyNWEvdXMtY2VudHJhbDEvYWN0aXZpdHkvRVJfbllnNFNzVzA  
  
 Sat Jun 16 2018 11:22:36 GMT+0200 (CEST)
[debug] [2018-06-16T09:22:36.628Z] >>> HTTP REQUEST GET https://cloudfunctions.googleapis.com/v1/operations/aHlkcmFsb3QtODAyNWEvdXMtY2VudHJhbDEvd2FybmluZ0xvZy9SNU5MUllGd3JqQQ  
  
 Sat Jun 16 2018 11:22:36 GMT+0200 (CEST)
[debug] [2018-06-16T09:22:36.773Z] >>> HTTP REQUEST GET https://cloudfunctions.googleapis.com/v1/operations/aHlkcmFsb3QtODAyNWEvdXMtY2VudHJhbDEvY3VycmVudFByaWNlL3lfeVBOaVB1clVj  
  
 Sat Jun 16 2018 11:22:36 GMT+0200 (CEST)
[debug] [2018-06-16T09:22:36.812Z] <<< HTTP RESPONSE 200
[debug] [2018-06-16T09:22:36.895Z] <<< HTTP RESPONSE 200
[debug] [2018-06-16T09:22:37.029Z] <<< HTTP RESPONSE 200
[debug] [2018-06-16T09:22:38.813Z] >>> HTTP REQUEST GET https://cloudfunctions.googleapis.com/v1/operations/aHlkcmFsb3QtODAyNWEvdXMtY2VudHJhbDEvYWN0aXZpdHkvRVJfbllnNFNzVzA  
  
 Sat Jun 16 2018 11:22:38 GMT+0200 (CEST)
[debug] [2018-06-16T09:22:38.899Z] >>> HTTP REQUEST GET https://cloudfunctions.googleapis.com/v1/operations/aHlkcmFsb3QtODAyNWEvdXMtY2VudHJhbDEvd2FybmluZ0xvZy9SNU5MUllGd3JqQQ  
  
 Sat Jun 16 2018 11:22:38 GMT+0200 (CEST)
[debug] [2018-06-16T09:22:39.029Z] >>> HTTP REQUEST GET https://cloudfunctions.googleapis.com/v1/operations/aHlkcmFsb3QtODAyNWEvdXMtY2VudHJhbDEvY3VycmVudFByaWNlL3lfeVBOaVB1clVj  
  
 Sat Jun 16 2018 11:22:39 GMT+0200 (CEST)
[debug] [2018-06-16T09:22:39.075Z] <<< HTTP RESPONSE 200
[debug] [2018-06-16T09:22:39.131Z] <<< HTTP RESPONSE 200
[debug] [2018-06-16T09:22:39.283Z] <<< HTTP RESPONSE 200
[debug] [2018-06-16T09:22:41.080Z] >>> HTTP REQUEST GET https://cloudfunctions.googleapis.com/v1/operations/aHlkcmFsb3QtODAyNWEvdXMtY2VudHJhbDEvYWN0aXZpdHkvRVJfbllnNFNzVzA  
  
 Sat Jun 16 2018 11:22:41 GMT+0200 (CEST)
[debug] [2018-06-16T09:22:41.134Z] >>> HTTP REQUEST GET https://cloudfunctions.googleapis.com/v1/operations/aHlkcmFsb3QtODAyNWEvdXMtY2VudHJhbDEvd2FybmluZ0xvZy9SNU5MUllGd3JqQQ  
  
 Sat Jun 16 2018 11:22:41 GMT+0200 (CEST)
[debug] [2018-06-16T09:22:41.287Z] >>> HTTP REQUEST GET https://cloudfunctions.googleapis.com/v1/operations/aHlkcmFsb3QtODAyNWEvdXMtY2VudHJhbDEvY3VycmVudFByaWNlL3lfeVBOaVB1clVj  
  
 Sat Jun 16 2018 11:22:41 GMT+0200 (CEST)
[debug] [2018-06-16T09:22:41.365Z] <<< HTTP RESPONSE 200
[debug] [2018-06-16T09:22:41.420Z] <<< HTTP RESPONSE 200
[debug] [2018-06-16T09:22:41.640Z] <<< HTTP RESPONSE 200
[debug] [2018-06-16T09:22:43.368Z] >>> HTTP REQUEST GET https://cloudfunctions.googleapis.com/v1/operations/aHlkcmFsb3QtODAyNWEvdXMtY2VudHJhbDEvYWN0aXZpdHkvRVJfbllnNFNzVzA  
  
 Sat Jun 16 2018 11:22:43 GMT+0200 (CEST)
[debug] [2018-06-16T09:22:43.421Z] >>> HTTP REQUEST GET https://cloudfunctions.googleapis.com/v1/operations/aHlkcmFsb3QtODAyNWEvdXMtY2VudHJhbDEvd2FybmluZ0xvZy9SNU5MUllGd3JqQQ  
  
 Sat Jun 16 2018 11:22:43 GMT+0200 (CEST)
[debug] [2018-06-16T09:22:43.641Z] >>> HTTP REQUEST GET https://cloudfunctions.googleapis.com/v1/operations/aHlkcmFsb3QtODAyNWEvdXMtY2VudHJhbDEvY3VycmVudFByaWNlL3lfeVBOaVB1clVj  
  
 Sat Jun 16 2018 11:22:43 GMT+0200 (CEST)
[debug] [2018-06-16T09:22:43.674Z] <<< HTTP RESPONSE 200
[debug] [2018-06-16T09:22:43.924Z] <<< HTTP RESPONSE 200
[debug] [2018-06-16T09:22:44.154Z] <<< HTTP RESPONSE 200
[debug] [2018-06-16T09:22:45.677Z] >>> HTTP REQUEST GET https://cloudfunctions.googleapis.com/v1/operations/aHlkcmFsb3QtODAyNWEvdXMtY2VudHJhbDEvYWN0aXZpdHkvRVJfbllnNFNzVzA  
  
 Sat Jun 16 2018 11:22:45 GMT+0200 (CEST)
[debug] [2018-06-16T09:22:45.927Z] >>> HTTP REQUEST GET https://cloudfunctions.googleapis.com/v1/operations/aHlkcmFsb3QtODAyNWEvdXMtY2VudHJhbDEvd2FybmluZ0xvZy9SNU5MUllGd3JqQQ  
  
 Sat Jun 16 2018 11:22:45 GMT+0200 (CEST)
[debug] [2018-06-16T09:22:45.952Z] <<< HTTP RESPONSE 200
[debug] [2018-06-16T09:22:46.158Z] >>> HTTP REQUEST GET https://cloudfunctions.googleapis.com/v1/operations/aHlkcmFsb3QtODAyNWEvdXMtY2VudHJhbDEvY3VycmVudFByaWNlL3lfeVBOaVB1clVj  
  
 Sat Jun 16 2018 11:22:46 GMT+0200 (CEST)
[debug] [2018-06-16T09:22:46.198Z] <<< HTTP RESPONSE 200
[debug] [2018-06-16T09:22:46.418Z] <<< HTTP RESPONSE 200
[debug] [2018-06-16T09:22:47.958Z] >>> HTTP REQUEST GET https://cloudfunctions.googleapis.com/v1/operations/aHlkcmFsb3QtODAyNWEvdXMtY2VudHJhbDEvYWN0aXZpdHkvRVJfbllnNFNzVzA  
  
 Sat Jun 16 2018 11:22:47 GMT+0200 (CEST)
[debug] [2018-06-16T09:22:48.204Z] >>> HTTP REQUEST GET https://cloudfunctions.googleapis.com/v1/operations/aHlkcmFsb3QtODAyNWEvdXMtY2VudHJhbDEvd2FybmluZ0xvZy9SNU5MUllGd3JqQQ  
  
 Sat Jun 16 2018 11:22:48 GMT+0200 (CEST)
[debug] [2018-06-16T09:22:48.207Z] <<< HTTP RESPONSE 200
[debug] [2018-06-16T09:22:48.423Z] >>> HTTP REQUEST GET https://cloudfunctions.googleapis.com/v1/operations/aHlkcmFsb3QtODAyNWEvdXMtY2VudHJhbDEvY3VycmVudFByaWNlL3lfeVBOaVB1clVj  
  
 Sat Jun 16 2018 11:22:48 GMT+0200 (CEST)
[debug] [2018-06-16T09:22:48.483Z] <<< HTTP RESPONSE 200
[debug] [2018-06-16T09:22:48.678Z] <<< HTTP RESPONSE 200
[debug] [2018-06-16T09:22:50.208Z] >>> HTTP REQUEST GET https://cloudfunctions.googleapis.com/v1/operations/aHlkcmFsb3QtODAyNWEvdXMtY2VudHJhbDEvYWN0aXZpdHkvRVJfbllnNFNzVzA  
  
 Sat Jun 16 2018 11:22:50 GMT+0200 (CEST)
[debug] [2018-06-16T09:22:50.468Z] <<< HTTP RESPONSE 200
[debug] [2018-06-16T09:22:50.487Z] >>> HTTP REQUEST GET https://cloudfunctions.googleapis.com/v1/operations/aHlkcmFsb3QtODAyNWEvdXMtY2VudHJhbDEvd2FybmluZ0xvZy9SNU5MUllGd3JqQQ  
  
 Sat Jun 16 2018 11:22:50 GMT+0200 (CEST)
[debug] [2018-06-16T09:22:50.681Z] >>> HTTP REQUEST GET https://cloudfunctions.googleapis.com/v1/operations/aHlkcmFsb3QtODAyNWEvdXMtY2VudHJhbDEvY3VycmVudFByaWNlL3lfeVBOaVB1clVj  
  
 Sat Jun 16 2018 11:22:50 GMT+0200 (CEST)
[debug] [2018-06-16T09:22:50.746Z] <<< HTTP RESPONSE 200
[debug] [2018-06-16T09:22:50.949Z] <<< HTTP RESPONSE 200
[debug] [2018-06-16T09:22:52.471Z] >>> HTTP REQUEST GET https://cloudfunctions.googleapis.com/v1/operations/aHlkcmFsb3QtODAyNWEvdXMtY2VudHJhbDEvYWN0aXZpdHkvRVJfbllnNFNzVzA  
  
 Sat Jun 16 2018 11:22:52 GMT+0200 (CEST)
[debug] [2018-06-16T09:22:52.682Z] <<< HTTP RESPONSE 200
[debug] [2018-06-16T09:22:52.748Z] >>> HTTP REQUEST GET https://cloudfunctions.googleapis.com/v1/operations/aHlkcmFsb3QtODAyNWEvdXMtY2VudHJhbDEvd2FybmluZ0xvZy9SNU5MUllGd3JqQQ  
  
 Sat Jun 16 2018 11:22:52 GMT+0200 (CEST)
[debug] [2018-06-16T09:22:52.953Z] >>> HTTP REQUEST GET https://cloudfunctions.googleapis.com/v1/operations/aHlkcmFsb3QtODAyNWEvdXMtY2VudHJhbDEvY3VycmVudFByaWNlL3lfeVBOaVB1clVj  
  
 Sat Jun 16 2018 11:22:52 GMT+0200 (CEST)
[debug] [2018-06-16T09:22:53.009Z] <<< HTTP RESPONSE 200
[debug] [2018-06-16T09:22:53.196Z] <<< HTTP RESPONSE 200
[debug] [2018-06-16T09:22:54.686Z] >>> HTTP REQUEST GET https://cloudfunctions.googleapis.com/v1/operations/aHlkcmFsb3QtODAyNWEvdXMtY2VudHJhbDEvYWN0aXZpdHkvRVJfbllnNFNzVzA  
  
 Sat Jun 16 2018 11:22:54 GMT+0200 (CEST)
[debug] [2018-06-16T09:22:54.934Z] <<< HTTP RESPONSE 200
[debug] [2018-06-16T09:22:55.010Z] >>> HTTP REQUEST GET https://cloudfunctions.googleapis.com/v1/operations/aHlkcmFsb3QtODAyNWEvdXMtY2VudHJhbDEvd2FybmluZ0xvZy9SNU5MUllGd3JqQQ  
  
 Sat Jun 16 2018 11:22:55 GMT+0200 (CEST)
[debug] [2018-06-16T09:22:55.198Z] >>> HTTP REQUEST GET https://cloudfunctions.googleapis.com/v1/operations/aHlkcmFsb3QtODAyNWEvdXMtY2VudHJhbDEvY3VycmVudFByaWNlL3lfeVBOaVB1clVj  
  
 Sat Jun 16 2018 11:22:55 GMT+0200 (CEST)
[debug] [2018-06-16T09:22:55.276Z] <<< HTTP RESPONSE 200
[debug] [2018-06-16T09:22:55.455Z] <<< HTTP RESPONSE 200
